<?xml version="1.0" encoding="UTF-8"?>
<!-- Generated by org.testng.reporters.JUnitXMLReporter -->
<testsuite ignored="0" hostname="DESKTOP-HR04UUE" failures="1" tests="2" name="Test" time="83.934" errors="0" timestamp="2023-04-03T20:32:35 BDT">
  <testcase classname="testcases.RokomariSignInPageTest" name="SignInTest" time="40.577">
    <failure type="org.openqa.selenium.ElementClickInterceptedException" message="element click intercepted: Element &amp;lt;button data-validation-type=&amp;quot;form-submit&amp;quot; class=&amp;quot;btn btn-block&amp;quot; onclick=&amp;quot;gtag(&amp;apos;event&amp;apos;, &amp;apos;login&amp;apos;, { method: &amp;apos;GENERIC&amp;apos;});&amp;quot; type=&amp;quot;submit&amp;quot;&amp;gt;...&amp;lt;/button&amp;gt; is not clickable at point (865, 587). Other element would receive the click: &amp;lt;div class=&amp;quot;popup-modal notification-permission-modal&amp;quot; id=&amp;quot;js--notification-permission-modal&amp;quot; style=&amp;quot;display: block;&amp;quot;&amp;gt;...&amp;lt;/div&amp;gt;
  (Session info: chrome=111.0.5563.147)
Build info: version: &amp;apos;4.8.3&amp;apos;, revision: &amp;apos;e5e76298c3&amp;apos;
System info: os.name: &amp;apos;Windows 10&amp;apos;, os.arch: &amp;apos;amd64&amp;apos;, os.version: &amp;apos;10.0&amp;apos;, java.version: &amp;apos;17.0.6&amp;apos;
Driver info: org.openqa.selenium.chrome.ChromeDriver
Command: [496ed78f12843e20572fed40ae664d8b, clickElement {id=70bfe76a-1025-4526-8a73-189a23d48cad}]
Capabilities {acceptInsecureCerts: false, browserName: chrome, browserVersion: 111.0.5563.147, chrome: {chromedriverVersion: 111.0.5563.64 (c710e93d5b63..., userDataDir: C:\Users\USER\AppData\Local...}, goog:chromeOptions: {debuggerAddress: localhost:50754}, networkConnectionEnabled: false, pageLoadStrategy: normal, platformName: WINDOWS, proxy: Proxy(), se:cdp: ws://localhost:50754/devtoo..., se:cdpVersion: 111.0.5563.147, setWindowRect: true, strictFileInteractability: false, timeouts: {implicit: 0, pageLoad: 300000, script: 30000}, unhandledPromptBehavior: dismiss and notify, webauthn:extension:credBlob: true, webauthn:extension:largeBlob: true, webauthn:extension:minPinLength: true, webauthn:extension:prf: true, webauthn:virtualAuthenticators: true}
Element: [[ChromeDriver: chrome on WINDOWS (496ed78f12843e20572fed40ae664d8b)] -&amp;gt; xpath: //button[contains(text(),&amp;apos;Sign In&amp;apos;)]]
Session ID: 496ed78f12843e20572fed40ae664d8b">
      <![CDATA[org.openqa.selenium.ElementClickInterceptedException: element click intercepted: Element <button data-validation-type="form-submit" class="btn btn-block" onclick="gtag('event', 'login', { method: 'GENERIC'});" type="submit">...</button> is not clickable at point (865, 587). Other element would receive the click: <div class="popup-modal notification-permission-modal" id="js--notification-permission-modal" style="display: block;">...</div>
  (Session info: chrome=111.0.5563.147)
Build info: version: '4.8.3', revision: 'e5e76298c3'
System info: os.name: 'Windows 10', os.arch: 'amd64', os.version: '10.0', java.version: '17.0.6'
Driver info: org.openqa.selenium.chrome.ChromeDriver
Command: [496ed78f12843e20572fed40ae664d8b, clickElement {id=70bfe76a-1025-4526-8a73-189a23d48cad}]
Capabilities {acceptInsecureCerts: false, browserName: chrome, browserVersion: 111.0.5563.147, chrome: {chromedriverVersion: 111.0.5563.64 (c710e93d5b63..., userDataDir: C:\Users\USER\AppData\Local...}, goog:chromeOptions: {debuggerAddress: localhost:50754}, networkConnectionEnabled: false, pageLoadStrategy: normal, platformName: WINDOWS, proxy: Proxy(), se:cdp: ws://localhost:50754/devtoo..., se:cdpVersion: 111.0.5563.147, setWindowRect: true, strictFileInteractability: false, timeouts: {implicit: 0, pageLoad: 300000, script: 30000}, unhandledPromptBehavior: dismiss and notify, webauthn:extension:credBlob: true, webauthn:extension:largeBlob: true, webauthn:extension:minPinLength: true, webauthn:extension:prf: true, webauthn:virtualAuthenticators: true}
Element: [[ChromeDriver: chrome on WINDOWS (496ed78f12843e20572fed40ae664d8b)] -> xpath: //button[contains(text(),'Sign In')]]
Session ID: 496ed78f12843e20572fed40ae664d8b
at org.openqa.selenium.remote.codec.w3c.W3CHttpResponseCodec.createException(W3CHttpResponseCodec.java:200)
at org.openqa.selenium.remote.codec.w3c.W3CHttpResponseCodec.decode(W3CHttpResponseCodec.java:133)
at org.openqa.selenium.remote.codec.w3c.W3CHttpResponseCodec.decode(W3CHttpResponseCodec.java:53)
at org.openqa.selenium.remote.HttpCommandExecutor.execute(HttpCommandExecutor.java:193)
at org.openqa.selenium.remote.service.DriverCommandExecutor.invokeExecute(DriverCommandExecutor.java:183)
at org.openqa.selenium.remote.service.DriverCommandExecutor.execute(DriverCommandExecutor.java:158)
at org.openqa.selenium.remote.RemoteWebDriver.execute(RemoteWebDriver.java:543)
at org.openqa.selenium.remote.RemoteWebElement.execute(RemoteWebElement.java:257)
at org.openqa.selenium.remote.RemoteWebElement.click(RemoteWebElement.java:78)
at pages.BasePage.clickOnElement(BasePage.java:25)
at testcases.RokomariSignInPageTest.SignInTest(RokomariSignInPageTest.java:25)
at java.base/java.util.concurrent.ThreadPoolExecutor.runWorker(ThreadPoolExecutor.java:1136)
at java.base/java.util.concurrent.ThreadPoolExecutor$Worker.run(ThreadPoolExecutor.java:635)
at java.base/java.lang.Thread.run(Thread.java:833)
... Removed 17 stack frames]]>
    </failure>
  </testcase> <!-- SignInTest -->
  <testcase classname="testcases.RokomariHomePageTest" name="TestHomePage" time="50.683"/>
</testsuite> <!-- Test -->
