<?xml version="1.0" encoding="UTF-8"?>
<testng-results ignored="0" total="1" passed="1" failed="0" skipped="0">
  <reporter-output>
  </reporter-output>
  <suite started-at="2023-05-30T13:06:07 BDT" name="Default suite" finished-at="2023-05-30T13:08:12 BDT" duration-ms="124503">
    <groups>
    </groups>
    <test started-at="2023-05-30T13:06:07 BDT" name="Default test" finished-at="2023-05-30T13:08:12 BDT" duration-ms="124503">
      <class name="testcases.RokomariSignInPageTest">
        <test-method is-config="true" signature="setBrowser()[pri:0, instance:testcases.RokomariSignInPageTest@ca30bc1]" started-at="2023-05-30T13:06:08 BDT" name="setBrowser" finished-at="2023-05-30T13:06:15 BDT" duration-ms="7085" status="PASS">
          <reporter-output>
          </reporter-output>
        </test-method> <!-- setBrowser -->
        <test-method signature="SignInTest()[pri:0, instance:testcases.RokomariSignInPageTest@ca30bc1]" started-at="2023-05-30T13:06:15 BDT" name="SignInTest" finished-at="2023-05-30T13:08:08 BDT" duration-ms="113410" status="PASS">
          <reporter-output>
          </reporter-output>
        </test-method> <!-- SignInTest -->
        <test-method is-config="true" signature="quitBrowser()[pri:0, instance:testcases.RokomariSignInPageTest@ca30bc1]" started-at="2023-05-30T13:08:08 BDT" name="quitBrowser" finished-at="2023-05-30T13:08:12 BDT" duration-ms="3490" status="PASS">
          <reporter-output>
          </reporter-output>
        </test-method> <!-- quitBrowser -->
      </class> <!-- testcases.RokomariSignInPageTest -->
    </test> <!-- Default test -->
  </suite> <!-- Default suite -->
</testng-results>
